<?xml version="1.0" encoding="UTF-8"?>
<testsuite xmlns:xsi="http://www.w3.org/2001/XMLSchema-instance" xsi:noNamespaceSchemaLocation="https://maven.apache.org/surefire/maven-surefire-plugin/xsd/surefire-test-report-3.0.xsd" version="3.0" name="com.usds.regulations.controller.DownloadEndpointTests" time="9.814" tests="1" errors="0" skipped="0" failures="0">
  <properties>
    <property name="java.specification.version" value="17"/>
    <property name="sun.cpu.isalist" value="amd64"/>
    <property name="sun.jnu.encoding" value="Cp1252"/>
    <property name="java.class.path" value="C:\Users\dnmor\OneDrive\Public\Programming\DevOps2025\workspace\USDS _Regulatory_Analysis\backend\target\test-classes;C:\Users\dnmor\OneDrive\Public\Programming\DevOps2025\workspace\USDS _Regulatory_Analysis\backend\target\classes;C:\Users\dnmor\.m2\repository\org\springframework\boot\spring-boot-starter-web\3.1.5\spring-boot-starter-web-3.1.5.jar;C:\Users\dnmor\.m2\repository\org\springframework\boot\spring-boot-starter\3.1.5\spring-boot-starter-3.1.5.jar;C:\Users\dnmor\.m2\repository\org\springframework\boot\spring-boot\3.1.5\spring-boot-3.1.5.jar;C:\Users\dnmor\.m2\repository\org\springframework\boot\spring-boot-autoconfigure\3.1.5\spring-boot-autoconfigure-3.1.5.jar;C:\Users\dnmor\.m2\repository\org\springframework\boot\spring-boot-starter-logging\3.1.5\spring-boot-starter-logging-3.1.5.jar;C:\Users\dnmor\.m2\repository\ch\qos\logback\logback-classic\1.4.11\logback-classic-1.4.11.jar;C:\Users\dnmor\.m2\repository\ch\qos\logback\logback-core\1.4.11\logback-core-1.4.11.jar;C:\Users\dnmor\.m2\repository\org\apache\logging\log4j\log4j-to-slf4j\2.20.0\log4j-to-slf4j-2.20.0.jar;C:\Users\dnmor\.m2\repository\org\apache\logging\log4j\log4j-api\2.20.0\log4j-api-2.20.0.jar;C:\Users\dnmor\.m2\repository\org\slf4j\jul-to-slf4j\2.0.9\jul-to-slf4j-2.0.9.jar;C:\Users\dnmor\.m2\repository\jakarta\annotation\jakarta.annotation-api\2.1.1\jakarta.annotation-api-2.1.1.jar;C:\Users\dnmor\.m2\repository\org\yaml\snakeyaml\1.33\snakeyaml-1.33.jar;C:\Users\dnmor\.m2\repository\org\springframework\boot\spring-boot-starter-json\3.1.5\spring-boot-starter-json-3.1.5.jar;C:\Users\dnmor\.m2\repository\com\fasterxml\jackson\datatype\jackson-datatype-jdk8\2.15.3\jackson-datatype-jdk8-2.15.3.jar;C:\Users\dnmor\.m2\repository\com\fasterxml\jackson\datatype\jackson-datatype-jsr310\2.15.3\jackson-datatype-jsr310-2.15.3.jar;C:\Users\dnmor\.m2\repository\com\fasterxml\jackson\module\jackson-module-parameter-names\2.15.3\jackson-module-parameter-names-2.15.3.jar;C:\Users\dnmor\.m2\repository\org\springframework\boot\spring-boot-starter-tomcat\3.1.5\spring-boot-starter-tomcat-3.1.5.jar;C:\Users\dnmor\.m2\repository\org\apache\tomcat\embed\tomcat-embed-core\10.1.15\tomcat-embed-core-10.1.15.jar;C:\Users\dnmor\.m2\repository\org\apache\tomcat\embed\tomcat-embed-websocket\10.1.15\tomcat-embed-websocket-10.1.15.jar;C:\Users\dnmor\.m2\repository\org\springframework\spring-web\6.0.13\spring-web-6.0.13.jar;C:\Users\dnmor\.m2\repository\org\springframework\spring-beans\6.0.13\spring-beans-6.0.13.jar;C:\Users\dnmor\.m2\repository\io\micrometer\micrometer-observation\1.11.5\micrometer-observation-1.11.5.jar;C:\Users\dnmor\.m2\repository\io\micrometer\micrometer-commons\1.11.5\micrometer-commons-1.11.5.jar;C:\Users\dnmor\.m2\repository\org\springframework\spring-webmvc\6.0.13\spring-webmvc-6.0.13.jar;C:\Users\dnmor\.m2\repository\org\springframework\spring-aop\6.0.13\spring-aop-6.0.13.jar;C:\Users\dnmor\.m2\repository\org\springframework\spring-context\6.0.13\spring-context-6.0.13.jar;C:\Users\dnmor\.m2\repository\org\springframework\spring-expression\6.0.13\spring-expression-6.0.13.jar;C:\Users\dnmor\.m2\repository\org\springframework\boot\spring-boot-starter-data-jpa\3.1.5\spring-boot-starter-data-jpa-3.1.5.jar;C:\Users\dnmor\.m2\repository\org\springframework\boot\spring-boot-starter-aop\3.1.5\spring-boot-starter-aop-3.1.5.jar;C:\Users\dnmor\.m2\repository\org\aspectj\aspectjweaver\1.9.20\aspectjweaver-1.9.20.jar;C:\Users\dnmor\.m2\repository\org\springframework\boot\spring-boot-starter-jdbc\3.1.5\spring-boot-starter-jdbc-3.1.5.jar;C:\Users\dnmor\.m2\repository\com\zaxxer\HikariCP\5.0.1\HikariCP-5.0.1.jar;C:\Users\dnmor\.m2\repository\org\springframework\spring-jdbc\6.0.13\spring-jdbc-6.0.13.jar;C:\Users\dnmor\.m2\repository\org\hibernate\orm\hibernate-core\6.2.13.Final\hibernate-core-6.2.13.Final.jar;C:\Users\dnmor\.m2\repository\jakarta\persistence\jakarta.persistence-api\3.1.0\jakarta.persistence-api-3.1.0.jar;C:\Users\dnmor\.m2\repository\jakarta\transaction\jakarta.transaction-api\2.0.1\jakarta.transaction-api-2.0.1.jar;C:\Users\dnmor\.m2\repository\org\jboss\logging\jboss-logging\3.5.3.Final\jboss-logging-3.5.3.Final.jar;C:\Users\dnmor\.m2\repository\org\hibernate\common\hibernate-commons-annotations\6.0.6.Final\hibernate-commons-annotations-6.0.6.Final.jar;C:\Users\dnmor\.m2\repository\io\smallrye\jandex\3.0.5\jandex-3.0.5.jar;C:\Users\dnmor\.m2\repository\com\fasterxml\classmate\1.5.1\classmate-1.5.1.jar;C:\Users\dnmor\.m2\repository\net\bytebuddy\byte-buddy\1.14.9\byte-buddy-1.14.9.jar;C:\Users\dnmor\.m2\repository\org\glassfish\jaxb\jaxb-runtime\4.0.3\jaxb-runtime-4.0.3.jar;C:\Users\dnmor\.m2\repository\org\glassfish\jaxb\jaxb-core\4.0.3\jaxb-core-4.0.3.jar;C:\Users\dnmor\.m2\repository\org\eclipse\angus\angus-activation\2.0.1\angus-activation-2.0.1.jar;C:\Users\dnmor\.m2\repository\org\glassfish\jaxb\txw2\4.0.3\txw2-4.0.3.jar;C:\Users\dnmor\.m2\repository\com\sun\istack\istack-commons-runtime\4.1.2\istack-commons-runtime-4.1.2.jar;C:\Users\dnmor\.m2\repository\jakarta\inject\jakarta.inject-api\2.0.1\jakarta.inject-api-2.0.1.jar;C:\Users\dnmor\.m2\repository\org\antlr\antlr4-runtime\4.10.1\antlr4-runtime-4.10.1.jar;C:\Users\dnmor\.m2\repository\org\springframework\data\spring-data-jpa\3.1.5\spring-data-jpa-3.1.5.jar;C:\Users\dnmor\.m2\repository\org\springframework\data\spring-data-commons\3.1.5\spring-data-commons-3.1.5.jar;C:\Users\dnmor\.m2\repository\org\springframework\spring-orm\6.0.13\spring-orm-6.0.13.jar;C:\Users\dnmor\.m2\repository\org\springframework\spring-tx\6.0.13\spring-tx-6.0.13.jar;C:\Users\dnmor\.m2\repository\org\slf4j\slf4j-api\2.0.9\slf4j-api-2.0.9.jar;C:\Users\dnmor\.m2\repository\org\springframework\spring-aspects\6.0.13\spring-aspects-6.0.13.jar;C:\Users\dnmor\.m2\repository\org\postgresql\postgresql\42.6.0\postgresql-42.6.0.jar;C:\Users\dnmor\.m2\repository\org\checkerframework\checker-qual\3.31.0\checker-qual-3.31.0.jar;C:\Users\dnmor\.m2\repository\com\fasterxml\jackson\core\jackson-databind\2.15.3\jackson-databind-2.15.3.jar;C:\Users\dnmor\.m2\repository\com\fasterxml\jackson\core\jackson-annotations\2.15.3\jackson-annotations-2.15.3.jar;C:\Users\dnmor\.m2\repository\com\fasterxml\jackson\core\jackson-core\2.15.3\jackson-core-2.15.3.jar;C:\Users\dnmor\.m2\repository\org\springframework\boot\spring-boot-starter-validation\3.1.5\spring-boot-starter-validation-3.1.5.jar;C:\Users\dnmor\.m2\repository\org\apache\tomcat\embed\tomcat-embed-el\10.1.15\tomcat-embed-el-10.1.15.jar;C:\Users\dnmor\.m2\repository\org\hibernate\validator\hibernate-validator\8.0.1.Final\hibernate-validator-8.0.1.Final.jar;C:\Users\dnmor\.m2\repository\jakarta\validation\jakarta.validation-api\3.0.2\jakarta.validation-api-3.0.2.jar;C:\Users\dnmor\.m2\repository\org\springframework\boot\spring-boot-starter-test\3.1.5\spring-boot-starter-test-3.1.5.jar;C:\Users\dnmor\.m2\repository\org\springframework\boot\spring-boot-test\3.1.5\spring-boot-test-3.1.5.jar;C:\Users\dnmor\.m2\repository\org\springframework\boot\spring-boot-test-autoconfigure\3.1.5\spring-boot-test-autoconfigure-3.1.5.jar;C:\Users\dnmor\.m2\repository\com\jayway\jsonpath\json-path\2.8.0\json-path-2.8.0.jar;C:\Users\dnmor\.m2\repository\jakarta\xml\bind\jakarta.xml.bind-api\4.0.1\jakarta.xml.bind-api-4.0.1.jar;C:\Users\dnmor\.m2\repository\jakarta\activation\jakarta.activation-api\2.1.2\jakarta.activation-api-2.1.2.jar;C:\Users\dnmor\.m2\repository\net\minidev\json-smart\2.4.11\json-smart-2.4.11.jar;C:\Users\dnmor\.m2\repository\net\minidev\accessors-smart\2.4.11\accessors-smart-2.4.11.jar;C:\Users\dnmor\.m2\repository\org\ow2\asm\asm\9.3\asm-9.3.jar;C:\Users\dnmor\.m2\repository\org\assertj\assertj-core\3.24.2\assertj-core-3.24.2.jar;C:\Users\dnmor\.m2\repository\org\hamcrest\hamcrest\2.2\hamcrest-2.2.jar;C:\Users\dnmor\.m2\repository\org\junit\jupiter\junit-jupiter\5.9.3\junit-jupiter-5.9.3.jar;C:\Users\dnmor\.m2\repository\org\junit\jupiter\junit-jupiter-api\5.9.3\junit-jupiter-api-5.9.3.jar;C:\Users\dnmor\.m2\repository\org\opentest4j\opentest4j\1.2.0\opentest4j-1.2.0.jar;C:\Users\dnmor\.m2\repository\org\junit\platform\junit-platform-commons\1.9.3\junit-platform-commons-1.9.3.jar;C:\Users\dnmor\.m2\repository\org\apiguardian\apiguardian-api\1.1.2\apiguardian-api-1.1.2.jar;C:\Users\dnmor\.m2\repository\org\junit\jupiter\junit-jupiter-params\5.9.3\junit-jupiter-params-5.9.3.jar;C:\Users\dnmor\.m2\repository\org\junit\jupiter\junit-jupiter-engine\5.9.3\junit-jupiter-engine-5.9.3.jar;C:\Users\dnmor\.m2\repository\org\junit\platform\junit-platform-engine\1.9.3\junit-platform-engine-1.9.3.jar;C:\Users\dnmor\.m2\repository\org\mockito\mockito-core\5.3.1\mockito-core-5.3.1.jar;C:\Users\dnmor\.m2\repository\net\bytebuddy\byte-buddy-agent\1.14.9\byte-buddy-agent-1.14.9.jar;C:\Users\dnmor\.m2\repository\org\objenesis\objenesis\3.3\objenesis-3.3.jar;C:\Users\dnmor\.m2\repository\org\mockito\mockito-junit-jupiter\5.3.1\mockito-junit-jupiter-5.3.1.jar;C:\Users\dnmor\.m2\repository\org\skyscreamer\jsonassert\1.5.1\jsonassert-1.5.1.jar;C:\Users\dnmor\.m2\repository\com\vaadin\external\google\android-json\0.0.20131108.vaadin1\android-json-0.0.20131108.vaadin1.jar;C:\Users\dnmor\.m2\repository\org\springframework\spring-core\6.0.13\spring-core-6.0.13.jar;C:\Users\dnmor\.m2\repository\org\springframework\spring-jcl\6.0.13\spring-jcl-6.0.13.jar;C:\Users\dnmor\.m2\repository\org\springframework\spring-test\6.0.13\spring-test-6.0.13.jar;C:\Users\dnmor\.m2\repository\org\xmlunit\xmlunit-core\2.9.1\xmlunit-core-2.9.1.jar;C:\Users\dnmor\.m2\repository\com\h2database\h2\2.1.214\h2-2.1.214.jar;"/>
    <property name="java.vm.vendor" value="Oracle Corporation"/>
    <property name="sun.arch.data.model" value="64"/>
    <property name="user.variant" value=""/>
    <property name="catalina.useNaming" value="false"/>
    <property name="java.vendor.url" value="https://java.oracle.com/"/>
    <property name="user.timezone" value="America/New_York"/>
    <property name="org.jboss.logging.provider" value="slf4j"/>
    <property name="os.name" value="Windows 11"/>
    <property name="java.vm.specification.version" value="17"/>
    <property name="user.country" value="US"/>
    <property name="sun.java.launcher" value="SUN_STANDARD"/>
    <property name="sun.boot.library.path" value="C:\Program Files\Java\jdk-17\bin"/>
    <property name="sun.java.command" value="C:\Users\dnmor\AppData\Local\Temp\surefire12070783597644701653\surefirebooter-20250922110957458_3.jar C:\Users\dnmor\AppData\Local\Temp\surefire12070783597644701653 2025-09-22T11-09-57_228-jvmRun1 surefire-20250922110957458_1tmp surefire_0-20250922110957458_2tmp"/>
    <property name="jdk.debug" value="release"/>
    <property name="test" value="com.usds.regulations.controller.DownloadEndpointTests#testTitle7RegulationsEndpoint"/>
    <property name="surefire.test.class.path" value="C:\Users\dnmor\OneDrive\Public\Programming\DevOps2025\workspace\USDS _Regulatory_Analysis\backend\target\test-classes;C:\Users\dnmor\OneDrive\Public\Programming\DevOps2025\workspace\USDS _Regulatory_Analysis\backend\target\classes;C:\Users\dnmor\.m2\repository\org\springframework\boot\spring-boot-starter-web\3.1.5\spring-boot-starter-web-3.1.5.jar;C:\Users\dnmor\.m2\repository\org\springframework\boot\spring-boot-starter\3.1.5\spring-boot-starter-3.1.5.jar;C:\Users\dnmor\.m2\repository\org\springframework\boot\spring-boot\3.1.5\spring-boot-3.1.5.jar;C:\Users\dnmor\.m2\repository\org\springframework\boot\spring-boot-autoconfigure\3.1.5\spring-boot-autoconfigure-3.1.5.jar;C:\Users\dnmor\.m2\repository\org\springframework\boot\spring-boot-starter-logging\3.1.5\spring-boot-starter-logging-3.1.5.jar;C:\Users\dnmor\.m2\repository\ch\qos\logback\logback-classic\1.4.11\logback-classic-1.4.11.jar;C:\Users\dnmor\.m2\repository\ch\qos\logback\logback-core\1.4.11\logback-core-1.4.11.jar;C:\Users\dnmor\.m2\repository\org\apache\logging\log4j\log4j-to-slf4j\2.20.0\log4j-to-slf4j-2.20.0.jar;C:\Users\dnmor\.m2\repository\org\apache\logging\log4j\log4j-api\2.20.0\log4j-api-2.20.0.jar;C:\Users\dnmor\.m2\repository\org\slf4j\jul-to-slf4j\2.0.9\jul-to-slf4j-2.0.9.jar;C:\Users\dnmor\.m2\repository\jakarta\annotation\jakarta.annotation-api\2.1.1\jakarta.annotation-api-2.1.1.jar;C:\Users\dnmor\.m2\repository\org\yaml\snakeyaml\1.33\snakeyaml-1.33.jar;C:\Users\dnmor\.m2\repository\org\springframework\boot\spring-boot-starter-json\3.1.5\spring-boot-starter-json-3.1.5.jar;C:\Users\dnmor\.m2\repository\com\fasterxml\jackson\datatype\jackson-datatype-jdk8\2.15.3\jackson-datatype-jdk8-2.15.3.jar;C:\Users\dnmor\.m2\repository\com\fasterxml\jackson\datatype\jackson-datatype-jsr310\2.15.3\jackson-datatype-jsr310-2.15.3.jar;C:\Users\dnmor\.m2\repository\com\fasterxml\jackson\module\jackson-module-parameter-names\2.15.3\jackson-module-parameter-names-2.15.3.jar;C:\Users\dnmor\.m2\repository\org\springframework\boot\spring-boot-starter-tomcat\3.1.5\spring-boot-starter-tomcat-3.1.5.jar;C:\Users\dnmor\.m2\repository\org\apache\tomcat\embed\tomcat-embed-core\10.1.15\tomcat-embed-core-10.1.15.jar;C:\Users\dnmor\.m2\repository\org\apache\tomcat\embed\tomcat-embed-websocket\10.1.15\tomcat-embed-websocket-10.1.15.jar;C:\Users\dnmor\.m2\repository\org\springframework\spring-web\6.0.13\spring-web-6.0.13.jar;C:\Users\dnmor\.m2\repository\org\springframework\spring-beans\6.0.13\spring-beans-6.0.13.jar;C:\Users\dnmor\.m2\repository\io\micrometer\micrometer-observation\1.11.5\micrometer-observation-1.11.5.jar;C:\Users\dnmor\.m2\repository\io\micrometer\micrometer-commons\1.11.5\micrometer-commons-1.11.5.jar;C:\Users\dnmor\.m2\repository\org\springframework\spring-webmvc\6.0.13\spring-webmvc-6.0.13.jar;C:\Users\dnmor\.m2\repository\org\springframework\spring-aop\6.0.13\spring-aop-6.0.13.jar;C:\Users\dnmor\.m2\repository\org\springframework\spring-context\6.0.13\spring-context-6.0.13.jar;C:\Users\dnmor\.m2\repository\org\springframework\spring-expression\6.0.13\spring-expression-6.0.13.jar;C:\Users\dnmor\.m2\repository\org\springframework\boot\spring-boot-starter-data-jpa\3.1.5\spring-boot-starter-data-jpa-3.1.5.jar;C:\Users\dnmor\.m2\repository\org\springframework\boot\spring-boot-starter-aop\3.1.5\spring-boot-starter-aop-3.1.5.jar;C:\Users\dnmor\.m2\repository\org\aspectj\aspectjweaver\1.9.20\aspectjweaver-1.9.20.jar;C:\Users\dnmor\.m2\repository\org\springframework\boot\spring-boot-starter-jdbc\3.1.5\spring-boot-starter-jdbc-3.1.5.jar;C:\Users\dnmor\.m2\repository\com\zaxxer\HikariCP\5.0.1\HikariCP-5.0.1.jar;C:\Users\dnmor\.m2\repository\org\springframework\spring-jdbc\6.0.13\spring-jdbc-6.0.13.jar;C:\Users\dnmor\.m2\repository\org\hibernate\orm\hibernate-core\6.2.13.Final\hibernate-core-6.2.13.Final.jar;C:\Users\dnmor\.m2\repository\jakarta\persistence\jakarta.persistence-api\3.1.0\jakarta.persistence-api-3.1.0.jar;C:\Users\dnmor\.m2\repository\jakarta\transaction\jakarta.transaction-api\2.0.1\jakarta.transaction-api-2.0.1.jar;C:\Users\dnmor\.m2\repository\org\jboss\logging\jboss-logging\3.5.3.Final\jboss-logging-3.5.3.Final.jar;C:\Users\dnmor\.m2\repository\org\hibernate\common\hibernate-commons-annotations\6.0.6.Final\hibernate-commons-annotations-6.0.6.Final.jar;C:\Users\dnmor\.m2\repository\io\smallrye\jandex\3.0.5\jandex-3.0.5.jar;C:\Users\dnmor\.m2\repository\com\fasterxml\classmate\1.5.1\classmate-1.5.1.jar;C:\Users\dnmor\.m2\repository\net\bytebuddy\byte-buddy\1.14.9\byte-buddy-1.14.9.jar;C:\Users\dnmor\.m2\repository\org\glassfish\jaxb\jaxb-runtime\4.0.3\jaxb-runtime-4.0.3.jar;C:\Users\dnmor\.m2\repository\org\glassfish\jaxb\jaxb-core\4.0.3\jaxb-core-4.0.3.jar;C:\Users\dnmor\.m2\repository\org\eclipse\angus\angus-activation\2.0.1\angus-activation-2.0.1.jar;C:\Users\dnmor\.m2\repository\org\glassfish\jaxb\txw2\4.0.3\txw2-4.0.3.jar;C:\Users\dnmor\.m2\repository\com\sun\istack\istack-commons-runtime\4.1.2\istack-commons-runtime-4.1.2.jar;C:\Users\dnmor\.m2\repository\jakarta\inject\jakarta.inject-api\2.0.1\jakarta.inject-api-2.0.1.jar;C:\Users\dnmor\.m2\repository\org\antlr\antlr4-runtime\4.10.1\antlr4-runtime-4.10.1.jar;C:\Users\dnmor\.m2\repository\org\springframework\data\spring-data-jpa\3.1.5\spring-data-jpa-3.1.5.jar;C:\Users\dnmor\.m2\repository\org\springframework\data\spring-data-commons\3.1.5\spring-data-commons-3.1.5.jar;C:\Users\dnmor\.m2\repository\org\springframework\spring-orm\6.0.13\spring-orm-6.0.13.jar;C:\Users\dnmor\.m2\repository\org\springframework\spring-tx\6.0.13\spring-tx-6.0.13.jar;C:\Users\dnmor\.m2\repository\org\slf4j\slf4j-api\2.0.9\slf4j-api-2.0.9.jar;C:\Users\dnmor\.m2\repository\org\springframework\spring-aspects\6.0.13\spring-aspects-6.0.13.jar;C:\Users\dnmor\.m2\repository\org\postgresql\postgresql\42.6.0\postgresql-42.6.0.jar;C:\Users\dnmor\.m2\repository\org\checkerframework\checker-qual\3.31.0\checker-qual-3.31.0.jar;C:\Users\dnmor\.m2\repository\com\fasterxml\jackson\core\jackson-databind\2.15.3\jackson-databind-2.15.3.jar;C:\Users\dnmor\.m2\repository\com\fasterxml\jackson\core\jackson-annotations\2.15.3\jackson-annotations-2.15.3.jar;C:\Users\dnmor\.m2\repository\com\fasterxml\jackson\core\jackson-core\2.15.3\jackson-core-2.15.3.jar;C:\Users\dnmor\.m2\repository\org\springframework\boot\spring-boot-starter-validation\3.1.5\spring-boot-starter-validation-3.1.5.jar;C:\Users\dnmor\.m2\repository\org\apache\tomcat\embed\tomcat-embed-el\10.1.15\tomcat-embed-el-10.1.15.jar;C:\Users\dnmor\.m2\repository\org\hibernate\validator\hibernate-validator\8.0.1.Final\hibernate-validator-8.0.1.Final.jar;C:\Users\dnmor\.m2\repository\jakarta\validation\jakarta.validation-api\3.0.2\jakarta.validation-api-3.0.2.jar;C:\Users\dnmor\.m2\repository\org\springframework\boot\spring-boot-starter-test\3.1.5\spring-boot-starter-test-3.1.5.jar;C:\Users\dnmor\.m2\repository\org\springframework\boot\spring-boot-test\3.1.5\spring-boot-test-3.1.5.jar;C:\Users\dnmor\.m2\repository\org\springframework\boot\spring-boot-test-autoconfigure\3.1.5\spring-boot-test-autoconfigure-3.1.5.jar;C:\Users\dnmor\.m2\repository\com\jayway\jsonpath\json-path\2.8.0\json-path-2.8.0.jar;C:\Users\dnmor\.m2\repository\jakarta\xml\bind\jakarta.xml.bind-api\4.0.1\jakarta.xml.bind-api-4.0.1.jar;C:\Users\dnmor\.m2\repository\jakarta\activation\jakarta.activation-api\2.1.2\jakarta.activation-api-2.1.2.jar;C:\Users\dnmor\.m2\repository\net\minidev\json-smart\2.4.11\json-smart-2.4.11.jar;C:\Users\dnmor\.m2\repository\net\minidev\accessors-smart\2.4.11\accessors-smart-2.4.11.jar;C:\Users\dnmor\.m2\repository\org\ow2\asm\asm\9.3\asm-9.3.jar;C:\Users\dnmor\.m2\repository\org\assertj\assertj-core\3.24.2\assertj-core-3.24.2.jar;C:\Users\dnmor\.m2\repository\org\hamcrest\hamcrest\2.2\hamcrest-2.2.jar;C:\Users\dnmor\.m2\repository\org\junit\jupiter\junit-jupiter\5.9.3\junit-jupiter-5.9.3.jar;C:\Users\dnmor\.m2\repository\org\junit\jupiter\junit-jupiter-api\5.9.3\junit-jupiter-api-5.9.3.jar;C:\Users\dnmor\.m2\repository\org\opentest4j\opentest4j\1.2.0\opentest4j-1.2.0.jar;C:\Users\dnmor\.m2\repository\org\junit\platform\junit-platform-commons\1.9.3\junit-platform-commons-1.9.3.jar;C:\Users\dnmor\.m2\repository\org\apiguardian\apiguardian-api\1.1.2\apiguardian-api-1.1.2.jar;C:\Users\dnmor\.m2\repository\org\junit\jupiter\junit-jupiter-params\5.9.3\junit-jupiter-params-5.9.3.jar;C:\Users\dnmor\.m2\repository\org\junit\jupiter\junit-jupiter-engine\5.9.3\junit-jupiter-engine-5.9.3.jar;C:\Users\dnmor\.m2\repository\org\junit\platform\junit-platform-engine\1.9.3\junit-platform-engine-1.9.3.jar;C:\Users\dnmor\.m2\repository\org\mockito\mockito-core\5.3.1\mockito-core-5.3.1.jar;C:\Users\dnmor\.m2\repository\net\bytebuddy\byte-buddy-agent\1.14.9\byte-buddy-agent-1.14.9.jar;C:\Users\dnmor\.m2\repository\org\objenesis\objenesis\3.3\objenesis-3.3.jar;C:\Users\dnmor\.m2\repository\org\mockito\mockito-junit-jupiter\5.3.1\mockito-junit-jupiter-5.3.1.jar;C:\Users\dnmor\.m2\repository\org\skyscreamer\jsonassert\1.5.1\jsonassert-1.5.1.jar;C:\Users\dnmor\.m2\repository\com\vaadin\external\google\android-json\0.0.20131108.vaadin1\android-json-0.0.20131108.vaadin1.jar;C:\Users\dnmor\.m2\repository\org\springframework\spring-core\6.0.13\spring-core-6.0.13.jar;C:\Users\dnmor\.m2\repository\org\springframework\spring-jcl\6.0.13\spring-jcl-6.0.13.jar;C:\Users\dnmor\.m2\repository\org\springframework\spring-test\6.0.13\spring-test-6.0.13.jar;C:\Users\dnmor\.m2\repository\org\xmlunit\xmlunit-core\2.9.1\xmlunit-core-2.9.1.jar;C:\Users\dnmor\.m2\repository\com\h2database\h2\2.1.214\h2-2.1.214.jar;"/>
    <property name="sun.cpu.endian" value="little"/>
    <property name="user.home" value="C:\Users\dnmor"/>
    <property name="user.language" value="en"/>
    <property name="java.specification.vendor" value="Oracle Corporation"/>
    <property name="java.version.date" value="2024-07-16"/>
    <property name="java.home" value="C:\Program Files\Java\jdk-17"/>
    <property name="file.separator" value="\"/>
    <property name="basedir" value="C:\Users\dnmor\OneDrive\Public\Programming\DevOps2025\workspace\USDS _Regulatory_Analysis\backend"/>
    <property name="java.vm.compressedOopsMode" value="Zero based"/>
    <property name="line.separator" value="&#10;"/>
    <property name="java.vm.specification.vendor" value="Oracle Corporation"/>
    <property name="java.specification.name" value="Java Platform API Specification"/>
    <property name="FILE_LOG_CHARSET" value="windows-1252"/>
    <property name="java.awt.headless" value="true"/>
    <property name="surefire.real.class.path" value="C:\Users\dnmor\AppData\Local\Temp\surefire12070783597644701653\surefirebooter-20250922110957458_3.jar"/>
    <property name="user.script" value=""/>
    <property name="sun.management.compiler" value="HotSpot 64-Bit Tiered Compilers"/>
    <property name="java.runtime.version" value="17.0.12+8-LTS-286"/>
    <property name="user.name" value="dnmor"/>
    <property name="path.separator" value=";"/>
    <property name="os.version" value="10.0"/>
    <property name="java.runtime.name" value="Java(TM) SE Runtime Environment"/>
    <property name="file.encoding" value="Cp1252"/>
    <property name="java.vm.name" value="Java HotSpot(TM) 64-Bit Server VM"/>
    <property name="maven.ext.class.path" value="C:\Users\dnmor\.vscode\extensions\oracle.oracle-java-24.1.0\nbcode\java\maven-nblib\netbeans-eventspy.jar"/>
    <property name="localRepository" value="C:\Users\dnmor\.m2\repository"/>
    <property name="java.vendor.url.bug" value="https://bugreport.java.com/bugreport/"/>
    <property name="java.io.tmpdir" value="C:\Users\dnmor\AppData\Local\Temp\"/>
    <property name="catalina.home" value="C:\Users\dnmor\AppData\Local\Temp\tomcat.0.11936918666179745899"/>
    <property name="com.zaxxer.hikari.pool_number" value="1"/>
    <property name="java.version" value="17.0.12"/>
    <property name="user.dir" value="C:\Users\dnmor\OneDrive\Public\Programming\DevOps2025\workspace\USDS _Regulatory_Analysis\backend"/>
    <property name="os.arch" value="amd64"/>
    <property name="java.vm.specification.name" value="Java Virtual Machine Specification"/>
    <property name="PID" value="85024"/>
    <property name="sun.os.patch.level" value=""/>
    <property name="CONSOLE_LOG_CHARSET" value="windows-1252"/>
    <property name="catalina.base" value="C:\Users\dnmor\AppData\Local\Temp\tomcat.0.11936918666179745899"/>
    <property name="native.encoding" value="Cp1252"/>
    <property name="java.library.path" value="C:\Program Files\Java\jdk-17\bin;C:\WINDOWS\Sun\Java\bin;C:\WINDOWS\system32;C:\WINDOWS;C:\Program Files\Common Files\Oracle\Java\javapath;C:\Python313\Scripts\;C:\Python313\;C:\Program Files\NVIDIA GPU Computing Toolkit\CUDA\v12.6\bin;C:\Program Files\NVIDIA GPU Computing Toolkit\CUDA\v12.6\libnvvp;C:\WINDOWS\system32;C:\WINDOWS;C:\WINDOWS\System32\Wbem;C:\WINDOWS\System32\WindowsPowerShell\v1.0\;C:\WINDOWS\System32\OpenSSH\;C:\Program Files\dotnet\;C:\Program Files\NVIDIA Corporation\NVIDIA app\NvDLISR;C:\Program Files\Git\cmd;C:\Program Files\Microsoft SQL Server\150\Tools\Binn\;C:\Program Files\Microsoft SQL Server\Client SDK\ODBC\170\Tools\Binn\;C:\Program Files\NVIDIA Corporation\Nsight Compute 2024.3.2\;C:\Program Files (x86)\NVIDIA Corporation\PhysX\Common;C:\Program Files\Docker\Docker\resources\bin;C:\Program Files\nodejs\;C:\ProgramData\chocolatey\bin;C:\Users\dnmor\.cargo\bin;C:\Users\dnmor\.local\bin;C:\Users\dnmor\AppData\Local\Microsoft\WindowsApps;C:\Users\dnmor\AppData\Local\Programs\Microsoft VS Code\bin;C:\Users\dnmor\.dotnet\tools;C:\Program Files\JetBrains\PyCharm 2024.3.3\bin;;C:\Users\dnmor\AppData\Roaming\npm;C:\Program Files\JetBrains\IntelliJ IDEA Community Edition 2024.3.5\bin;;C:\Program Files\Apache\apache-maven-3.9.9\bin;C:\Program Files\JetBrains\PyCharm Community Edition 2024.3.5\bin;;C:\Users\dnmor\AppData\Local\Programs\Ollama;C:\Users\dnmor\AppData\Roaming\Python\Scripts;C:\Users\dnmor\AppData\Local\Programs\Python\Python310\Scripts;C:\Users\dnmor\AppData\Roaming\Python\Python313\Scripts;."/>
    <property name="java.vm.info" value="mixed mode, sharing"/>
    <property name="java.vendor" value="Oracle Corporation"/>
    <property name="java.vm.version" value="17.0.12+8-LTS-286"/>
    <property name="sun.io.unicode.encoding" value="UnicodeLittle"/>
    <property name="java.class.version" value="61.0"/>
  </properties>
  <testcase name="testTitle7RegulationsEndpoint" classname="com.usds.regulations.controller.DownloadEndpointTests" time="2.982">
    <system-out><![CDATA[
  .   ____          _            __ _ _
 /\\ / ___'_ __ _ _(_)_ __  __ _ \ \ \ \
( ( )\___ | '_ | '_| | '_ \/ _` | \ \ \ \
 \\/  ___)| |_)| | | | | || (_| |  ) ) ) )
  '  |____| .__|_| |_|_| |_\__, | / / / /
 =========|_|==============|___/=/_/_/_/
 :: Spring Boot ::                (v3.1.5)

2025-09-22T11:09:58.870-04:00  INFO 85024 --- [           main] c.u.r.controller.DownloadEndpointTests   : Starting DownloadEndpointTests using Java 17.0.12 with PID 85024 (started by dnmor in C:\Users\dnmor\OneDrive\Public\Programming\DevOps2025\workspace\USDS _Regulatory_Analysis\backend)
2025-09-22T11:09:58.875-04:00  INFO 85024 --- [           main] c.u.r.controller.DownloadEndpointTests   : The following 1 profile is active: "test"
2025-09-22T11:09:59.581-04:00  INFO 85024 --- [           main] .s.d.r.c.RepositoryConfigurationDelegate : Bootstrapping Spring Data JPA repositories in DEFAULT mode.
2025-09-22T11:09:59.650-04:00  INFO 85024 --- [           main] .s.d.r.c.RepositoryConfigurationDelegate : Finished Spring Data repository scanning in 56 ms. Found 1 JPA repository interfaces.
2025-09-22T11:10:00.440-04:00  INFO 85024 --- [           main] o.s.b.w.embedded.tomcat.TomcatWebServer  : Tomcat initialized with port(s): 0 (http)
2025-09-22T11:10:00.452-04:00  INFO 85024 --- [           main] o.apache.catalina.core.StandardService   : Starting service [Tomcat]
2025-09-22T11:10:00.453-04:00  INFO 85024 --- [           main] o.apache.catalina.core.StandardEngine    : Starting Servlet engine: [Apache Tomcat/10.1.15]
2025-09-22T11:10:00.606-04:00  INFO 85024 --- [           main] o.a.c.c.C.[Tomcat].[localhost].[/]       : Initializing Spring embedded WebApplicationContext
2025-09-22T11:10:00.608-04:00  INFO 85024 --- [           main] w.s.c.ServletWebServerApplicationContext : Root WebApplicationContext: initialization completed in 1707 ms
2025-09-22T11:10:00.679-04:00  INFO 85024 --- [           main] com.zaxxer.hikari.HikariDataSource       : HikariPool-1 - Starting...
2025-09-22T11:10:01.035-04:00  INFO 85024 --- [           main] com.zaxxer.hikari.pool.HikariPool        : HikariPool-1 - Added connection conn0: url=jdbc:h2:mem:testdb user=SA
2025-09-22T11:10:01.036-04:00  INFO 85024 --- [           main] com.zaxxer.hikari.HikariDataSource       : HikariPool-1 - Start completed.
2025-09-22T11:10:01.052-04:00  INFO 85024 --- [           main] o.s.b.a.h2.H2ConsoleAutoConfiguration    : H2 console available at '/h2-console'. Database available at 'jdbc:h2:mem:testdb'
2025-09-22T11:10:01.284-04:00  INFO 85024 --- [           main] o.hibernate.jpa.internal.util.LogHelper  : HHH000204: Processing PersistenceUnitInfo [name: default]
2025-09-22T11:10:01.450-04:00  INFO 85024 --- [           main] org.hibernate.Version                    : HHH000412: Hibernate ORM core version 6.2.13.Final
2025-09-22T11:10:01.455-04:00  INFO 85024 --- [           main] org.hibernate.cfg.Environment            : HHH000406: Using bytecode reflection optimizer
2025-09-22T11:10:01.873-04:00  INFO 85024 --- [           main] o.s.o.j.p.SpringPersistenceUnitInfo      : No LoadTimeWeaver setup: ignoring JPA class transformer
2025-09-22T11:10:01.927-04:00  WARN 85024 --- [           main] org.hibernate.orm.deprecation            : HHH90000025: H2Dialect does not need to be specified explicitly using 'hibernate.dialect' (remove the property setting and it will be selected by default)
2025-09-22T11:10:02.824-04:00  INFO 85024 --- [           main] o.h.e.t.j.p.i.JtaPlatformInitiator       : HHH000489: No JTA platform available (set 'hibernate.transaction.jta.platform' to enable JTA platform integration)
2025-09-22T11:10:02.839-04:00 DEBUG 85024 --- [           main] org.hibernate.SQL                        : 
    drop table if exists regulations cascade 
Hibernate: 
    drop table if exists regulations cascade 
2025-09-22T11:10:02.850-04:00 DEBUG 85024 --- [           main] org.hibernate.SQL                        : 
    create table regulations (
        cfr_title integer not null,
        word_count integer,
        created_at timestamp(6),
        id bigint generated by default as identity,
        updated_at timestamp(6),
        part_number varchar(50) not null,
        content_checksum varchar(64),
        title varchar(1000) not null,
        agency_name varchar(255),
        content TEXT,
        primary key (id)
    )
Hibernate: 
    create table regulations (
        cfr_title integer not null,
        word_count integer,
        created_at timestamp(6),
        id bigint generated by default as identity,
        updated_at timestamp(6),
        part_number varchar(50) not null,
        content_checksum varchar(64),
        title varchar(1000) not null,
        agency_name varchar(255),
        content TEXT,
        primary key (id)
    )
2025-09-22T11:10:02.861-04:00 DEBUG 85024 --- [           main] org.hibernate.SQL                        : 
    create index idx_cfr_title 
       on regulations (cfr_title)
Hibernate: 
    create index idx_cfr_title 
       on regulations (cfr_title)
2025-09-22T11:10:02.863-04:00 DEBUG 85024 --- [           main] org.hibernate.SQL                        : 
    create index idx_part_number 
       on regulations (part_number)
Hibernate: 
    create index idx_part_number 
       on regulations (part_number)
2025-09-22T11:10:02.865-04:00 DEBUG 85024 --- [           main] org.hibernate.SQL                        : 
    create index idx_cfr_title_part 
       on regulations (cfr_title, part_number)
Hibernate: 
    create index idx_cfr_title_part 
       on regulations (cfr_title, part_number)
2025-09-22T11:10:02.869-04:00  INFO 85024 --- [           main] j.LocalContainerEntityManagerFactoryBean : Initialized JPA EntityManagerFactory for persistence unit 'default'
2025-09-22T11:10:03.278-04:00  INFO 85024 --- [           main] o.s.d.j.r.query.QueryEnhancerFactory     : Hibernate is in classpath; If applicable, HQL parser will be used.
2025-09-22T11:10:04.296-04:00  WARN 85024 --- [           main] JpaBaseConfiguration$JpaWebConfiguration : spring.jpa.open-in-view is enabled by default. Therefore, database queries may be performed during view rendering. Explicitly configure spring.jpa.open-in-view to disable this warning
2025-09-22T11:10:04.955-04:00  INFO 85024 --- [           main] o.s.b.w.embedded.tomcat.TomcatWebServer  : Tomcat started on port(s): 59595 (http) with context path ''
2025-09-22T11:10:04.966-04:00  INFO 85024 --- [           main] c.u.r.controller.DownloadEndpointTests   : Started DownloadEndpointTests in 6.413 seconds (process running for 7.399)
2025-09-22T11:10:05.690-04:00 DEBUG 85024 --- [           main] org.hibernate.SQL                        : 
    select
        r1_0.id,
        r1_0.agency_name,
        r1_0.cfr_title,
        r1_0.content,
        r1_0.content_checksum,
        r1_0.created_at,
        r1_0.part_number,
        r1_0.title,
        r1_0.updated_at,
        r1_0.word_count 
    from
        regulations r1_0
Hibernate: 
    select
        r1_0.id,
        r1_0.agency_name,
        r1_0.cfr_title,
        r1_0.content,
        r1_0.content_checksum,
        r1_0.created_at,
        r1_0.part_number,
        r1_0.title,
        r1_0.updated_at,
        r1_0.word_count 
    from
        regulations r1_0
2025-09-22T11:10:05.808-04:00  INFO 85024 --- [o-auto-1-exec-2] o.a.c.c.C.[Tomcat].[localhost].[/]       : Initializing Spring DispatcherServlet 'dispatcherServlet'
2025-09-22T11:10:05.808-04:00  INFO 85024 --- [o-auto-1-exec-2] o.s.web.servlet.DispatcherServlet        : Initializing Servlet 'dispatcherServlet'
2025-09-22T11:10:05.809-04:00  INFO 85024 --- [o-auto-1-exec-2] o.s.web.servlet.DispatcherServlet        : Completed initialization in 1 ms
2025-09-22T11:10:05.843-04:00  INFO 85024 --- [o-auto-1-exec-2] c.u.r.controller.TestController          : Test download endpoint called
2025-09-22T11:10:05.843-04:00  INFO 85024 --- [o-auto-1-exec-2] c.u.regulations.service.EcfrApiService   : Starting download of CFR Title 7 (Agriculture) regulations using eCFR API
2025-09-22T11:10:05.843-04:00  INFO 85024 --- [o-auto-1-exec-2] c.u.regulations.service.EcfrApiService   : Fetching Title 7 structure from: https://www.ecfr.gov/api/versioner/v1/structure/2025-09-22/title-7.json
2025-09-22T11:10:06.165-04:00  WARN 85024 --- [o-auto-1-exec-2] c.u.regulations.service.EcfrApiService   : Could not fetch structure from API: 404 Not Found: "{"error":"The requested date 2025-09-22 is past the title's most recent issue date of 2025-09-18, see https://www.ecfr.gov/api/versioner/v1/titles for details"}"
2025-09-22T11:10:06.166-04:00  INFO 85024 --- [o-auto-1-exec-2] c.u.regulations.service.EcfrApiService   : Searching for Title 7 parts: https://www.ecfr.gov/api/search/v1/results?query=title:7&per_page=50
2025-09-22T11:10:06.601-04:00  INFO 85024 --- [o-auto-1-exec-2] c.u.regulations.service.EcfrApiService   : Using fallback part numbers for Title 7
2025-09-22T11:10:06.601-04:00  INFO 85024 --- [o-auto-1-exec-2] c.u.regulations.service.EcfrApiService   : Found 20 parts to process in Title 7
2025-09-22T11:10:06.601-04:00  INFO 85024 --- [o-auto-1-exec-2] c.u.regulations.service.EcfrApiService   : Processing Part 1
2025-09-22T11:10:06.646-04:00 DEBUG 85024 --- [o-auto-1-exec-2] org.hibernate.SQL                        : 
    select
        r1_0.id,
        r1_0.agency_name,
        r1_0.cfr_title,
        r1_0.content,
        r1_0.content_checksum,
        r1_0.created_at,
        r1_0.part_number,
        r1_0.title,
        r1_0.updated_at,
        r1_0.word_count 
    from
        regulations r1_0 
    where
        r1_0.cfr_title=? 
        and r1_0.part_number=?
Hibernate: 
    select
        r1_0.id,
        r1_0.agency_name,
        r1_0.cfr_title,
        r1_0.content,
        r1_0.content_checksum,
        r1_0.created_at,
        r1_0.part_number,
        r1_0.title,
        r1_0.updated_at,
        r1_0.word_count 
    from
        regulations r1_0 
    where
        r1_0.cfr_title=? 
        and r1_0.part_number=?
2025-09-22T11:10:06.691-04:00 DEBUG 85024 --- [o-auto-1-exec-2] org.hibernate.SQL                        : 
    insert 
    into
        regulations
        (agency_name,cfr_title,content,content_checksum,created_at,part_number,title,updated_at,word_count,id) 
    values
        (?,?,?,?,?,?,?,?,?,default)
Hibernate: 
    insert 
    into
        regulations
        (agency_name,cfr_title,content,content_checksum,created_at,part_number,title,updated_at,word_count,id) 
    values
        (?,?,?,?,?,?,?,?,?,default)
2025-09-22T11:10:06.925-04:00  INFO 85024 --- [o-auto-1-exec-2] c.u.regulations.service.EcfrApiService   : Processing Part 2
2025-09-22T11:10:06.945-04:00 DEBUG 85024 --- [o-auto-1-exec-2] org.hibernate.SQL                        : 
    select
        r1_0.id,
        r1_0.agency_name,
        r1_0.cfr_title,
        r1_0.content,
        r1_0.content_checksum,
        r1_0.created_at,
        r1_0.part_number,
        r1_0.title,
        r1_0.updated_at,
        r1_0.word_count 
    from
        regulations r1_0 
    where
        r1_0.cfr_title=? 
        and r1_0.part_number=?
Hibernate: 
    select
        r1_0.id,
        r1_0.agency_name,
        r1_0.cfr_title,
        r1_0.content,
        r1_0.content_checksum,
        r1_0.created_at,
        r1_0.part_number,
        r1_0.title,
        r1_0.updated_at,
        r1_0.word_count 
    from
        regulations r1_0 
    where
        r1_0.cfr_title=? 
        and r1_0.part_number=?
2025-09-22T11:10:06.947-04:00 DEBUG 85024 --- [o-auto-1-exec-2] org.hibernate.SQL                        : 
    insert 
    into
        regulations
        (agency_name,cfr_title,content,content_checksum,created_at,part_number,title,updated_at,word_count,id) 
    values
        (?,?,?,?,?,?,?,?,?,default)
Hibernate: 
    insert 
    into
        regulations
        (agency_name,cfr_title,content,content_checksum,created_at,part_number,title,updated_at,word_count,id) 
    values
        (?,?,?,?,?,?,?,?,?,default)
2025-09-22T11:10:07.156-04:00  INFO 85024 --- [o-auto-1-exec-2] c.u.regulations.service.EcfrApiService   : Processing Part 3
2025-09-22T11:10:07.176-04:00 DEBUG 85024 --- [o-auto-1-exec-2] org.hibernate.SQL                        : 
    select
        r1_0.id,
        r1_0.agency_name,
        r1_0.cfr_title,
        r1_0.content,
        r1_0.content_checksum,
        r1_0.created_at,
        r1_0.part_number,
        r1_0.title,
        r1_0.updated_at,
        r1_0.word_count 
    from
        regulations r1_0 
    where
        r1_0.cfr_title=? 
        and r1_0.part_number=?
Hibernate: 
    select
        r1_0.id,
        r1_0.agency_name,
        r1_0.cfr_title,
        r1_0.content,
        r1_0.content_checksum,
        r1_0.created_at,
        r1_0.part_number,
        r1_0.title,
        r1_0.updated_at,
        r1_0.word_count 
    from
        regulations r1_0 
    where
        r1_0.cfr_title=? 
        and r1_0.part_number=?
2025-09-22T11:10:07.177-04:00 DEBUG 85024 --- [o-auto-1-exec-2] org.hibernate.SQL                        : 
    insert 
    into
        regulations
        (agency_name,cfr_title,content,content_checksum,created_at,part_number,title,updated_at,word_count,id) 
    values
        (?,?,?,?,?,?,?,?,?,default)
Hibernate: 
    insert 
    into
        regulations
        (agency_name,cfr_title,content,content_checksum,created_at,part_number,title,updated_at,word_count,id) 
    values
        (?,?,?,?,?,?,?,?,?,default)
2025-09-22T11:10:07.390-04:00  INFO 85024 --- [o-auto-1-exec-2] c.u.regulations.service.EcfrApiService   : Processing Part 4
2025-09-22T11:10:07.410-04:00 DEBUG 85024 --- [o-auto-1-exec-2] org.hibernate.SQL                        : 
    select
        r1_0.id,
        r1_0.agency_name,
        r1_0.cfr_title,
        r1_0.content,
        r1_0.content_checksum,
        r1_0.created_at,
        r1_0.part_number,
        r1_0.title,
        r1_0.updated_at,
        r1_0.word_count 
    from
        regulations r1_0 
    where
        r1_0.cfr_title=? 
        and r1_0.part_number=?
Hibernate: 
    select
        r1_0.id,
        r1_0.agency_name,
        r1_0.cfr_title,
        r1_0.content,
        r1_0.content_checksum,
        r1_0.created_at,
        r1_0.part_number,
        r1_0.title,
        r1_0.updated_at,
        r1_0.word_count 
    from
        regulations r1_0 
    where
        r1_0.cfr_title=? 
        and r1_0.part_number=?
2025-09-22T11:10:07.411-04:00 DEBUG 85024 --- [o-auto-1-exec-2] org.hibernate.SQL                        : 
    insert 
    into
        regulations
        (agency_name,cfr_title,content,content_checksum,created_at,part_number,title,updated_at,word_count,id) 
    values
        (?,?,?,?,?,?,?,?,?,default)
Hibernate: 
    insert 
    into
        regulations
        (agency_name,cfr_title,content,content_checksum,created_at,part_number,title,updated_at,word_count,id) 
    values
        (?,?,?,?,?,?,?,?,?,default)
2025-09-22T11:10:07.623-04:00  INFO 85024 --- [o-auto-1-exec-2] c.u.regulations.service.EcfrApiService   : Processing Part 5
2025-09-22T11:10:07.642-04:00 DEBUG 85024 --- [o-auto-1-exec-2] org.hibernate.SQL                        : 
    select
        r1_0.id,
        r1_0.agency_name,
        r1_0.cfr_title,
        r1_0.content,
        r1_0.content_checksum,
        r1_0.created_at,
        r1_0.part_number,
        r1_0.title,
        r1_0.updated_at,
        r1_0.word_count 
    from
        regulations r1_0 
    where
        r1_0.cfr_title=? 
        and r1_0.part_number=?
Hibernate: 
    select
        r1_0.id,
        r1_0.agency_name,
        r1_0.cfr_title,
        r1_0.content,
        r1_0.content_checksum,
        r1_0.created_at,
        r1_0.part_number,
        r1_0.title,
        r1_0.updated_at,
        r1_0.word_count 
    from
        regulations r1_0 
    where
        r1_0.cfr_title=? 
        and r1_0.part_number=?
2025-09-22T11:10:07.643-04:00 DEBUG 85024 --- [o-auto-1-exec-2] org.hibernate.SQL                        : 
    insert 
    into
        regulations
        (agency_name,cfr_title,content,content_checksum,created_at,part_number,title,updated_at,word_count,id) 
    values
        (?,?,?,?,?,?,?,?,?,default)
Hibernate: 
    insert 
    into
        regulations
        (agency_name,cfr_title,content,content_checksum,created_at,part_number,title,updated_at,word_count,id) 
    values
        (?,?,?,?,?,?,?,?,?,default)
2025-09-22T11:10:07.857-04:00  INFO 85024 --- [o-auto-1-exec-2] c.u.regulations.service.EcfrApiService   : Reached maximum parts limit (5) for testing
2025-09-22T11:10:07.857-04:00  INFO 85024 --- [o-auto-1-exec-2] c.u.regulations.service.EcfrApiService   : Successfully processed 5 regulations for Title 7
2025-09-22T11:10:07.866-04:00 DEBUG 85024 --- [o-auto-1-exec-2] org.hibernate.SQL                        : 
    select
        count(*) 
    from
        regulations r1_0
Hibernate: 
    select
        count(*) 
    from
        regulations r1_0
2025-09-22T11:10:07.873-04:00 DEBUG 85024 --- [o-auto-1-exec-2] org.hibernate.SQL                        : 
    select
        count(r1_0.id) 
    from
        regulations r1_0 
    where
        r1_0.cfr_title=?
Hibernate: 
    select
        count(r1_0.id) 
    from
        regulations r1_0 
    where
        r1_0.cfr_title=?
2025-09-22T11:10:07.882-04:00 DEBUG 85024 --- [o-auto-1-exec-2] org.hibernate.SQL                        : 
    select
        coalesce(sum(r1_0.word_count),0) 
    from
        regulations r1_0 
    where
        r1_0.cfr_title=?
Hibernate: 
    select
        coalesce(sum(r1_0.word_count),0) 
    from
        regulations r1_0 
    where
        r1_0.cfr_title=?
2025-09-22T11:10:07.885-04:00  INFO 85024 --- [o-auto-1-exec-2] c.u.r.controller.TestController          : Download completed successfully in 2015ms
2025-09-22T11:10:07.927-04:00 DEBUG 85024 --- [o-auto-1-exec-1] org.hibernate.SQL                        : 
    select
        r1_0.id,
        r1_0.agency_name,
        r1_0.cfr_title,
        r1_0.content,
        r1_0.content_checksum,
        r1_0.created_at,
        r1_0.part_number,
        r1_0.title,
        r1_0.updated_at,
        r1_0.word_count 
    from
        regulations r1_0 
    where
        r1_0.cfr_title=? 
    order by
        r1_0.word_count desc
Hibernate: 
    select
        r1_0.id,
        r1_0.agency_name,
        r1_0.cfr_title,
        r1_0.content,
        r1_0.content_checksum,
        r1_0.created_at,
        r1_0.part_number,
        r1_0.title,
        r1_0.updated_at,
        r1_0.word_count 
    from
        regulations r1_0 
    where
        r1_0.cfr_title=? 
    order by
        r1_0.word_count desc
]]></system-out>
  </testcase>
</testsuite>